<?xml version="1.0" encoding="UTF-8"?>
<!-- Generated by org.testng.reporters.JUnitReportReporter -->
<testsuite hostname="DESKTOP-RK59BP5" failures="0" tests="9" name="cucumberOptions.TestNGRunner" time="0.316" errors="7" timestamp="2025-08-06T13:23:56 IST" skipped="0">
  <testcase classname="cucumberOptions.TestNGRunner" name="runScenario" time="0.016"/>
  <testcase classname="cucumberOptions.TestNGRunner" name="runScenario" time="0.016">
    <error message="The step &#039;User is on NetBanking landing page&#039; is undefined.
You can implement this step using the snippet(s) below:

@Given(&quot;User is on NetBanking landing page&quot;)
public void user_is_on_net_banking_landing_page() {
    // Write code here that turns the phrase above into concrete actions
    throw new io.cucumber.java.PendingException();
}
" type="io.cucumber.testng.UndefinedStepException">
      <![CDATA[io.cucumber.testng.UndefinedStepException: The step 'User is on NetBanking landing page' is undefined.
You can implement this step using the snippet(s) below:

@Given("User is on NetBanking landing page")
public void user_is_on_net_banking_landing_page() {
    // Write code here that turns the phrase above into concrete actions
    throw new io.cucumber.java.PendingException();
}

at ✽.User is on NetBanking landing page(file:///C:/Users/DELL/eclipse-workspace/cucumber/src/test/java/features/SecondProgram.feature:46)
]]>
    </error>
  </testcase> <!-- runScenario -->
  <testcase classname="cucumberOptions.TestNGRunner" name="runScenario" time="0.013">
    <error message="The step &#039;User is on NetBanking landing page&#039; is undefined.
You can implement this step using the snippet(s) below:

@Given(&quot;User is on NetBanking landing page&quot;)
public void user_is_on_net_banking_landing_page() {
    // Write code here that turns the phrase above into concrete actions
    throw new io.cucumber.java.PendingException();
}
" type="io.cucumber.testng.UndefinedStepException">
      <![CDATA[io.cucumber.testng.UndefinedStepException: The step 'User is on NetBanking landing page' is undefined.
You can implement this step using the snippet(s) below:

@Given("User is on NetBanking landing page")
public void user_is_on_net_banking_landing_page() {
    // Write code here that turns the phrase above into concrete actions
    throw new io.cucumber.java.PendingException();
}

at ✽.User is on NetBanking landing page(file:///C:/Users/DELL/eclipse-workspace/cucumber/src/test/java/features/firstProram.feature:55)
]]>
    </error>
  </testcase> <!-- runScenario -->
  <testcase classname="cucumberOptions.TestNGRunner" name="runScenario" time="0.177">
    <error message="The step &#039;User is on NetBanking landing page&#039; is undefined.
You can implement this step using the snippet(s) below:

@Given(&quot;User is on NetBanking landing page&quot;)
public void user_is_on_net_banking_landing_page() {
    // Write code here that turns the phrase above into concrete actions
    throw new io.cucumber.java.PendingException();
}
" type="io.cucumber.testng.UndefinedStepException">
      <![CDATA[io.cucumber.testng.UndefinedStepException: The step 'User is on NetBanking landing page' is undefined.
You can implement this step using the snippet(s) below:

@Given("User is on NetBanking landing page")
public void user_is_on_net_banking_landing_page() {
    // Write code here that turns the phrase above into concrete actions
    throw new io.cucumber.java.PendingException();
}

at ✽.User is on NetBanking landing page(file:///C:/Users/DELL/eclipse-workspace/cucumber/src/test/java/features/SecondProgram.feature:12)
]]>
    </error>
  </testcase> <!-- runScenario -->
  <testcase classname="cucumberOptions.TestNGRunner" name="runScenario" time="0.031">
    <error message="The step &#039;User is on NetBanking landing page&#039; is undefined.
You can implement this step using the snippet(s) below:

@Given(&quot;User is on NetBanking landing page&quot;)
public void user_is_on_net_banking_landing_page() {
    // Write code here that turns the phrase above into concrete actions
    throw new io.cucumber.java.PendingException();
}
" type="io.cucumber.testng.UndefinedStepException">
      <![CDATA[io.cucumber.testng.UndefinedStepException: The step 'User is on NetBanking landing page' is undefined.
You can implement this step using the snippet(s) below:

@Given("User is on NetBanking landing page")
public void user_is_on_net_banking_landing_page() {
    // Write code here that turns the phrase above into concrete actions
    throw new io.cucumber.java.PendingException();
}

at ✽.User is on NetBanking landing page(file:///C:/Users/DELL/eclipse-workspace/cucumber/src/test/java/features/firstProram.feature:12)
]]>
    </error>
  </testcase> <!-- runScenario -->
  <testcase classname="cucumberOptions.TestNGRunner" name="runScenario" time="0.022">
    <error message="The step &#039;User is on NetBanking landing page&#039; is undefined.
You can implement this step using the snippet(s) below:

@Given(&quot;User is on NetBanking landing page&quot;)
public void user_is_on_net_banking_landing_page() {
    // Write code here that turns the phrase above into concrete actions
    throw new io.cucumber.java.PendingException();
}
" type="io.cucumber.testng.UndefinedStepException">
      <![CDATA[io.cucumber.testng.UndefinedStepException: The step 'User is on NetBanking landing page' is undefined.
You can implement this step using the snippet(s) below:

@Given("User is on NetBanking landing page")
public void user_is_on_net_banking_landing_page() {
    // Write code here that turns the phrase above into concrete actions
    throw new io.cucumber.java.PendingException();
}

at ✽.User is on NetBanking landing page(file:///C:/Users/DELL/eclipse-workspace/cucumber/src/test/java/features/SecondProgram.feature:20)
]]>
    </error>
  </testcase> <!-- runScenario -->
  <testcase classname="cucumberOptions.TestNGRunner" name="runScenario" time="0.012"/>
  <testcase classname="cucumberOptions.TestNGRunner" name="runScenario" time="0.013">
    <error message="The step &#039;User is on NetBanking landing page&#039; is undefined.
You can implement this step using the snippet(s) below:

@Given(&quot;User is on NetBanking landing page&quot;)
public void user_is_on_net_banking_landing_page() {
    // Write code here that turns the phrase above into concrete actions
    throw new io.cucumber.java.PendingException();
}
" type="io.cucumber.testng.UndefinedStepException">
      <![CDATA[io.cucumber.testng.UndefinedStepException: The step 'User is on NetBanking landing page' is undefined.
You can implement this step using the snippet(s) below:

@Given("User is on NetBanking landing page")
public void user_is_on_net_banking_landing_page() {
    // Write code here that turns the phrase above into concrete actions
    throw new io.cucumber.java.PendingException();
}

at ✽.User is on NetBanking landing page(file:///C:/Users/DELL/eclipse-workspace/cucumber/src/test/java/features/SecondProgram.feature:20)
]]>
    </error>
  </testcase> <!-- runScenario -->
  <testcase classname="cucumberOptions.TestNGRunner" name="runScenario" time="0.016">
    <error message="The step &#039;User is on NetBanking landing page&#039; is undefined.
You can implement this step using the snippet(s) below:

@Given(&quot;User is on NetBanking landing page&quot;)
public void user_is_on_net_banking_landing_page() {
    // Write code here that turns the phrase above into concrete actions
    throw new io.cucumber.java.PendingException();
}
" type="io.cucumber.testng.UndefinedStepException">
      <![CDATA[io.cucumber.testng.UndefinedStepException: The step 'User is on NetBanking landing page' is undefined.
You can implement this step using the snippet(s) below:

@Given("User is on NetBanking landing page")
public void user_is_on_net_banking_landing_page() {
    // Write code here that turns the phrase above into concrete actions
    throw new io.cucumber.java.PendingException();
}

at ✽.User is on NetBanking landing page(file:///C:/Users/DELL/eclipse-workspace/cucumber/src/test/java/features/firstProram.feature:21)
]]>
    </error>
  </testcase> <!-- runScenario -->
</testsuite> <!-- cucumberOptions.TestNGRunner -->
